# JRE version: Java(TM) SE Runtime Environment (8.0_25-b17) (build 1.8.0_25-b17)
# Java VM: Java HotSpot(TM) 64-Bit Server VM (25.25-b02 mixed mode bsd-amd64 compressed oops)
Heap:
 PSYoungGen      total 67072K, used 8082K [0x000000076ab00000, 0x000000077a600000, 0x00000007c0000000)
  eden space 66560K, 11% used [0x000000076ab00000,0x000000076b271b20,0x000000076ec00000)
  from space 512K, 89% used [0x000000077a580000,0x000000077a5f2e30,0x000000077a600000)
  to   space 1024K, 0% used [0x000000077a400000,0x000000077a400000,0x000000077a500000)
 ParOldGen       total 98304K, used 76257K [0x00000006c0000000, 0x00000006c6000000, 0x000000076ab00000)
  object space 98304K, 77% used [0x00000006c0000000,0x00000006c4a786e0,0x00000006c6000000)
 Metaspace       used 35305K, capacity 36636K, committed 36696K, reserved 1081344K
  class space    used 4472K, capacity 4720K, committed 4736K, reserved 1048576K
GC Heap History (10 events):
Event: 3759.550 GC heap before
{Heap before GC invocations=549 (full 3):
 PSYoungGen      total 75264K, used 74683K [0x000000076ab00000, 0x000000077a780000, 0x00000007c0000000)
  eden space 74240K, 100% used [0x000000076ab00000,0x000000076f380000,0x000000076f380000)
  from space 1024K, 43% used [0x000000077a580000,0x000000077a5eef28,0x000000077a680000)
  to   space 1024K, 0% used [0x000000077a680000,0x000000077a680000,0x000000077a780000)
 ParOldGen       total 98304K, used 76193K [0x00000006c0000000, 0x00000006c6000000, 0x000000076ab00000)
  object space 98304K, 77% used [0x00000006c0000000,0x00000006c4a686e0,0x00000006c6000000)
 Metaspace       used 35283K, capacity 36606K, committed 36696K, reserved 1081344K
  class space    used 4468K, capacity 4713K, committed 4736K, reserved 1048576K
Event: 3759.553 GC heap after
Heap after GC invocations=549 (full 3):
 PSYoungGen      total 73216K, used 453K [0x000000076ab00000, 0x000000077a700000, 0x00000007c0000000)
  eden space 72704K, 0% used [0x000000076ab00000,0x000000076ab00000,0x000000076f200000)
  from space 512K, 88% used [0x000000077a680000,0x000000077a6f1690,0x000000077a700000)
  to   space 1024K, 0% used [0x000000077a500000,0x000000077a500000,0x000000077a600000)
 ParOldGen       total 98304K, used 76209K [0x00000006c0000000, 0x00000006c6000000, 0x000000076ab00000)
  object space 98304K, 77% used [0x00000006c0000000,0x00000006c4a6c6e0,0x00000006c6000000)
 Metaspace       used 35283K, capacity 36606K, committed 36696K, reserved 1081344K
  class space    used 4468K, capacity 4713K, committed 4736K, reserved 1048576K
}
Event: 3779.367 GC heap before
{Heap before GC invocations=550 (full 3):
 PSYoungGen      total 73216K, used 73157K [0x000000076ab00000, 0x000000077a700000, 0x00000007c0000000)
  eden space 72704K, 100% used [0x000000076ab00000,0x000000076f200000,0x000000076f200000)
  from space 512K, 88% used [0x000000077a680000,0x000000077a6f1690,0x000000077a700000)
  to   space 1024K, 0% used [0x000000077a500000,0x000000077a500000,0x000000077a600000)
 ParOldGen       total 98304K, used 76209K [0x00000006c0000000, 0x00000006c6000000, 0x000000076ab00000)
  object space 98304K, 77% used [0x00000006c0000000,0x00000006c4a6c6e0,0x00000006c6000000)
 Metaspace       used 35283K, capacity 36606K, committed 36696K, reserved 1081344K
  class space    used 4468K, capacity 4713K, committed 4736K, reserved 1048576K
Event: 3779.371 GC heap after
Heap after GC invocations=550 (full 3):
 PSYoungGen      total 72192K, used 391K [0x000000076ab00000, 0x000000077a700000, 0x00000007c0000000)
  eden space 71168K, 0% used [0x000000076ab00000,0x000000076ab00000,0x000000076f080000)
  from space 1024K, 38% used [0x000000077a500000,0x000000077a561c70,0x000000077a600000)
  to   space 1024K, 0% used [0x000000077a600000,0x000000077a600000,0x000000077a700000)
 ParOldGen       total 98304K, used 76225K [0x00000006c0000000, 0x00000006c6000000, 0x000000076ab00000)
  object space 98304K, 77% used [0x00000006c0000000,0x00000006c4a706e0,0x00000006c6000000)
 Metaspace       used 35283K, capacity 36606K, committed 36696K, reserved 1081344K
  class space    used 4468K, capacity 4713K, committed 4736K, reserved 1048576K
}
Event: 3798.850 GC heap before
{Heap before GC invocations=551 (full 3):
 PSYoungGen      total 72192K, used 71559K [0x000000076ab00000, 0x000000077a700000, 0x00000007c0000000)
  eden space 71168K, 100% used [0x000000076ab00000,0x000000076f080000,0x000000076f080000)
  from space 1024K, 38% used [0x000000077a500000,0x000000077a561c70,0x000000077a600000)
  to   space 1024K, 0% used [0x000000077a600000,0x000000077a600000,0x000000077a700000)
 ParOldGen       total 98304K, used 76225K [0x00000006c0000000, 0x00000006c6000000, 0x000000076ab00000)
  object space 98304K, 77% used [0x00000006c0000000,0x00000006c4a706e0,0x00000006c6000000)
 Metaspace       used 35283K, capacity 36606K, committed 36696K, reserved 1081344K
  class space    used 4468K, capacity 4713K, committed 4736K, reserved 1048576K
Event: 3798.853 GC heap after
Heap after GC invocations=551 (full 3):
 PSYoungGen      total 70144K, used 398K [0x000000076ab00000, 0x000000077a680000, 0x00000007c0000000)
  eden space 69632K, 0% used [0x000000076ab00000,0x000000076ab00000,0x000000076ef00000)
  from space 512K, 77% used [0x000000077a600000,0x000000077a663820,0x000000077a680000)
  to   space 1024K, 0% used [0x000000077a480000,0x000000077a480000,0x000000077a580000)
 ParOldGen       total 98304K, used 76241K [0x00000006c0000000, 0x00000006c6000000, 0x000000076ab00000)
  object space 98304K, 77% used [0x00000006c0000000,0x00000006c4a746e0,0x00000006c6000000)
 Metaspace       used 35283K, capacity 36606K, committed 36696K, reserved 1081344K
  class space    used 4468K, capacity 4713K, committed 4736K, reserved 1048576K
}
Event: 3812.649 GC heap before
{Heap before GC invocations=552 (full 3):
 PSYoungGen      total 70144K, used 70030K [0x000000076ab00000, 0x000000077a680000, 0x00000007c0000000)
  eden space 69632K, 100% used [0x000000076ab00000,0x000000076ef00000,0x000000076ef00000)
  from space 512K, 77% used [0x000000077a600000,0x000000077a663820,0x000000077a680000)
  to   space 1024K, 0% used [0x000000077a480000,0x000000077a480000,0x000000077a580000)
 ParOldGen       total 98304K, used 76241K [0x00000006c0000000, 0x00000006c6000000, 0x000000076ab00000)
  object space 98304K, 77% used [0x00000006c0000000,0x00000006c4a746e0,0x00000006c6000000)
 Metaspace       used 35283K, capacity 36606K, committed 36696K, reserved 1081344K
  class space    used 4468K, capacity 4713K, committed 4736K, reserved 1048576K
Event: 3812.652 GC heap after
Heap after GC invocations=552 (full 3):
 PSYoungGen      total 69120K, used 362K [0x000000076ab00000, 0x000000077a680000, 0x00000007c0000000)
  eden space 68096K, 0% used [0x000000076ab00000,0x000000076ab00000,0x000000076ed80000)
  from space 1024K, 35% used [0x000000077a480000,0x000000077a4dab38,0x000000077a580000)
  to   space 1024K, 0% used [0x000000077a580000,0x000000077a580000,0x000000077a680000)
 ParOldGen       total 98304K, used 76249K [0x00000006c0000000, 0x00000006c6000000, 0x000000076ab00000)
  object space 98304K, 77% used [0x00000006c0000000,0x00000006c4a766e0,0x00000006c6000000)
 Metaspace       used 35283K, capacity 36606K, committed 36696K, reserved 1081344K
  class space    used 4468K, capacity 4713K, committed 4736K, reserved 1048576K
}
Event: 3828.967 GC heap before
{Heap before GC invocations=553 (full 3):
 PSYoungGen      total 69120K, used 68458K [0x000000076ab00000, 0x000000077a680000, 0x00000007c0000000)
  eden space 68096K, 100% used [0x000000076ab00000,0x000000076ed80000,0x000000076ed80000)
  from space 1024K, 35% used [0x000000077a480000,0x000000077a4dab38,0x000000077a580000)
  to   space 1024K, 0% used [0x000000077a580000,0x000000077a580000,0x000000077a680000)
 ParOldGen       total 98304K, used 76249K [0x00000006c0000000, 0x00000006c6000000, 0x000000076ab00000)
  object space 98304K, 77% used [0x00000006c0000000,0x00000006c4a766e0,0x00000006c6000000)
 Metaspace       used 35305K, capacity 36636K, committed 36696K, reserved 1081344K
  class space    used 4472K, capacity 4720K, committed 4736K, reserved 1048576K
Event: 3828.969 GC heap after
Heap after GC invocations=553 (full 3):
 PSYoungGen      total 67072K, used 459K [0x000000076ab00000, 0x000000077a600000, 0x00000007c0000000)
  eden space 66560K, 0% used [0x000000076ab00000,0x000000076ab00000,0x000000076ec00000)
  from space 512K, 89% used [0x000000077a580000,0x000000077a5f2e30,0x000000077a600000)
  to   space 1024K, 0% used [0x000000077a400000,0x000000077a400000,0x000000077a500000)
 ParOldGen       total 98304K, used 76257K [0x00000006c0000000, 0x00000006c6000000, 0x000000076ab00000)
  object space 98304K, 77% used [0x00000006c0000000,0x00000006c4a786e0,0x00000006c6000000)
 Metaspace       used 35305K, capacity 36636K, committed 36696K, reserved 1081344K
  class space    used 4472K, capacity 4720K, committed 4736K, reserved 1048576K
}

